2021-04-28 15:00:29
rm -rf algo-*
=====PROCESS BEGIN=====
=====SET ALGORITHM AS taildrop=====
sudo python ./mitigate_bufferbloat.py -a taildrop
net.ipv4.tcp_congestion_control = reno
Start iperf ...
Start rtt monitor ...
50.0s left...
40.0s left...
30.0s left...
19.9s left...
9.9s left...
Stop rtt monitor ...
Kill iperf ...
mv iperf_result.txt algo-taildrop/iperf_result.txt
=====SET ALGORITHM AS red=====
sudo python ./mitigate_bufferbloat.py -a red
net.ipv4.tcp_congestion_control = reno
Start iperf ...
Start rtt monitor ...
50.0s left...
40.0s left...
29.9s left...
19.9s left...
9.9s left...
Stop rtt monitor ...
Kill iperf ...
mv iperf_result.txt algo-red/iperf_result.txt
=====SET ALGORITHM AS codel=====
sudo python ./mitigate_bufferbloat.py -a codel
net.ipv4.tcp_congestion_control = reno
Start iperf ...
Start rtt monitor ...
50.0s left...
40.0s left...
30.0s left...
20.0s left...
10.0s left...
Stop rtt monitor ...
Kill iperf ...
mv iperf_result.txt algo-codel/iperf_result.txt
=====PROCESS END=====
2021-04-28 15:28:13
=====PROCESS BEGIN=====
=====SET ALGORITHM AS codel=====
rm -rf algo-codel
sudo python ./mitigate_bufferbloat.py -a codel
net.ipv4.tcp_congestion_control = reno
Start iperf ...
Start rtt monitor ...
50.0s left...
40.0s left...
30.0s left...
19.9s left...
9.9s left...
Stop rtt monitor ...
Kill iperf ...
mv iperf_result.txt algo-codel/iperf_result.txt
=====PROCESS END=====
2021-04-28 15:35:21
=====PROCESS BEGIN=====
=====SET ALGORITHM AS red=====
rm -rf algo-red
sudo python ./mitigate_bufferbloat.py -a red
net.ipv4.tcp_congestion_control = reno
Start iperf ...
Start rtt monitor ...
50.0s left...
40.0s left...
30.0s left...
19.9s left...
9.9s left...
Stop rtt monitor ...
Kill iperf ...
mv iperf_result.txt algo-red/iperf_result.txt
=====PROCESS END=====
2021-04-28 15:37:53
=====PROCESS BEGIN=====
=====SET ALGORITHM AS taildrop=====
rm -rf algo-taildrop
sudo python ./mitigate_bufferbloat.py -a taildrop
net.ipv4.tcp_congestion_control = reno
Start iperf ...
Start rtt monitor ...
50.0s left...
40.0s left...
29.9s left...
19.9s left...
9.9s left...
Stop rtt monitor ...
Kill iperf ...
mv iperf_result.txt algo-taildrop/iperf_result.txt
=====PROCESS END=====
2021-04-28 15:39:44
=====PROCESS BEGIN=====
=====SET ALGORITHM AS taildrop=====
rm -rf algo-taildrop
sudo python ./mitigate_bufferbloat.py -a taildrop
net.ipv4.tcp_congestion_control = reno
Start iperf ...
Start rtt monitor ...
2021-04-28 15:40:21
=====PROCESS BEGIN=====
=====SET ALGORITHM AS taildrop=====
rm -rf algo-taildrop
sudo python ./mitigate_bufferbloat.py -a taildrop
net.ipv4.tcp_congestion_control = reno
Start iperf ...
Start rtt monitor ...
50.0s left...
40.0s left...
30.0s left...
20.0s left...
9.9s left...
Stop rtt monitor ...
Kill iperf ...
mv iperf_result.txt algo-taildrop/iperf_result.txt
=====PROCESS END=====
