2021-04-28 15:13:06
rm -rf qlen-*
=====PROCESS BEGIN=====
===SET MAXQ AS 50===
sudo python ./reproduce_bufferbloat.py -q 50
net.ipv4.tcp_congestion_control = reno
Start cwnd monitor ...
Start queue monitor ...
Start rtt monitor ...
Start iperf ...
Stop cwnd monitor ...
Stop qlen monitor ...
Stop rtt monitor ...
Kill iperf ...
mv iperf_result.txt qlen-50/iperf_result.txt
===SET MAXQ AS 100===
sudo python ./reproduce_bufferbloat.py -q 100
net.ipv4.tcp_congestion_control = reno
Start cwnd monitor ...
Start queue monitor ...
Start rtt monitor ...
Start iperf ...
Stop cwnd monitor ...
Stop qlen monitor ...
Stop rtt monitor ...
Kill iperf ...
mv iperf_result.txt qlen-100/iperf_result.txt
===SET MAXQ AS 150===
sudo python ./reproduce_bufferbloat.py -q 150
net.ipv4.tcp_congestion_control = reno
Start cwnd monitor ...
Start queue monitor ...
Start rtt monitor ...
Start iperf ...
Stop cwnd monitor ...
Stop qlen monitor ...
Stop rtt monitor ...
Kill iperf ...
mv iperf_result.txt qlen-150/iperf_result.txt
