Executing function normal trie
--------
Summary for 697882 times' lookups:
diff:	 697882 times.
time:	 1.46486 ns per lookup.
Executing function normal trie
--------
Summary for 697882 times' lookups:
diff:	 697882 times.
time:	 1.64039 ns per lookup.
Executing function normal trie
--------
Summary for 697882 times' lookups:
diff:	 697882 times.
time:	 1.35768 ns per lookup.
Executing function normal trie
--------
Summary for 697882 times' lookups:
diff:	 697882 times.
time:	 2.05952 ns per lookup.
Executing function normal trie
--------
Summary for 697882 times' lookups:
diff:	 697882 times.
time:	 4.41364 ns per lookup.
