Executing function reduced trie
--------
Summary for 697882 times' lookups:
diff:	 618396 times.
time:	 2.01940 ns per lookup.
Executing function reduced trie
--------
Summary for 697882 times' lookups:
diff:	 618396 times.
time:	 2.15738 ns per lookup.
Executing function reduced trie
--------
Summary for 697882 times' lookups:
diff:	 618396 times.
time:	 2.08173 ns per lookup.
Executing function reduced trie
--------
Summary for 697882 times' lookups:
diff:	 618396 times.
time:	 5.32626 ns per lookup.
Executing function reduced trie
--------
Summary for 697882 times' lookups:
diff:	 618396 times.
time:	 3.91900 ns per lookup.
