Executing function reduced trie
--------
Summary for 697882 times' lookups:
diff:	 2646 times.
time:	 164.01713 ns per lookup.
Executing function reduced trie
--------
Summary for 697882 times' lookups:
diff:	 2646 times.
time:	 160.03293 ns per lookup.
Executing function reduced trie
--------
Summary for 697882 times' lookups:
diff:	 2646 times.
time:	 159.58629 ns per lookup.
Executing function reduced trie
--------
Summary for 697882 times' lookups:
diff:	 2646 times.
time:	 166.01976 ns per lookup.
Executing function reduced trie
--------
Summary for 697882 times' lookups:
diff:	 2646 times.
time:	 232.05685 ns per lookup.
